124.03.04 19:34 B C:\Users\gerar\OneDrive\Escritorio\siccoms\config\app.php --> ftp.smartfireprevention.mx /public_html/siccoms/config app.php
124.03.04 19:34 B C:\Users\gerar\OneDrive\Escritorio\siccoms\config\auth.php --> ftp.smartfireprevention.mx /public_html/siccoms/config auth.php
124.03.04 19:34 B C:\Users\gerar\OneDrive\Escritorio\siccoms\config\broadcasting.php --> ftp.smartfireprevention.mx /public_html/siccoms/config broadcasting.php
124.03.04 19:34 B C:\Users\gerar\OneDrive\Escritorio\siccoms\config\cache.php --> ftp.smartfireprevention.mx /public_html/siccoms/config cache.php
124.03.04 19:34 B C:\Users\gerar\OneDrive\Escritorio\siccoms\config\cors.php --> ftp.smartfireprevention.mx /public_html/siccoms/config cors.php
124.03.04 19:34 B C:\Users\gerar\OneDrive\Escritorio\siccoms\config\database.php --> ftp.smartfireprevention.mx /public_html/siccoms/config database.php
124.03.04 19:34 B C:\Users\gerar\OneDrive\Escritorio\siccoms\config\filesystems.php --> ftp.smartfireprevention.mx /public_html/siccoms/config filesystems.php
124.03.04 19:34 B C:\Users\gerar\OneDrive\Escritorio\siccoms\config\hashing.php --> ftp.smartfireprevention.mx /public_html/siccoms/config hashing.php
124.03.04 19:34 B C:\Users\gerar\OneDrive\Escritorio\siccoms\config\logging.php --> ftp.smartfireprevention.mx /public_html/siccoms/config logging.php
124.03.04 19:34 B C:\Users\gerar\OneDrive\Escritorio\siccoms\config\mail.php --> ftp.smartfireprevention.mx /public_html/siccoms/config mail.php
124.03.04 19:34 B C:\Users\gerar\OneDrive\Escritorio\siccoms\config\queue.php --> ftp.smartfireprevention.mx /public_html/siccoms/config queue.php
124.03.04 19:34 B C:\Users\gerar\OneDrive\Escritorio\siccoms\config\sanctum.php --> ftp.smartfireprevention.mx /public_html/siccoms/config sanctum.php
124.03.04 19:34 B C:\Users\gerar\OneDrive\Escritorio\siccoms\config\services.php --> ftp.smartfireprevention.mx /public_html/siccoms/config services.php
124.03.04 19:34 B C:\Users\gerar\OneDrive\Escritorio\siccoms\config\session.php --> ftp.smartfireprevention.mx /public_html/siccoms/config session.php
124.03.04 19:34 B C:\Users\gerar\OneDrive\Escritorio\siccoms\config\view.php --> ftp.smartfireprevention.mx /public_html/siccoms/config view.php
124.03.05 18:34 B C:\Users\gerar\OneDrive\Escritorio\siccoms\config\app.php --> ftp.smartfireprevention.mx /public_html/laravel_dev/config app.php
124.03.05 18:34 B C:\Users\gerar\OneDrive\Escritorio\siccoms\config\auth.php --> ftp.smartfireprevention.mx /public_html/laravel_dev/config auth.php
124.03.05 18:34 B C:\Users\gerar\OneDrive\Escritorio\siccoms\config\broadcasting.php --> ftp.smartfireprevention.mx /public_html/laravel_dev/config broadcasting.php
124.03.05 18:34 B C:\Users\gerar\OneDrive\Escritorio\siccoms\config\cache.php --> ftp.smartfireprevention.mx /public_html/laravel_dev/config cache.php
124.03.05 18:34 B C:\Users\gerar\OneDrive\Escritorio\siccoms\config\cors.php --> ftp.smartfireprevention.mx /public_html/laravel_dev/config cors.php
124.03.05 18:34 B C:\Users\gerar\OneDrive\Escritorio\siccoms\config\database.php --> ftp.smartfireprevention.mx /public_html/laravel_dev/config database.php
124.03.05 18:34 B C:\Users\gerar\OneDrive\Escritorio\siccoms\config\filesystems.php --> ftp.smartfireprevention.mx /public_html/laravel_dev/config filesystems.php
124.03.05 18:34 B C:\Users\gerar\OneDrive\Escritorio\siccoms\config\hashing.php --> ftp.smartfireprevention.mx /public_html/laravel_dev/config hashing.php
124.03.05 18:34 B C:\Users\gerar\OneDrive\Escritorio\siccoms\config\logging.php --> ftp.smartfireprevention.mx /public_html/laravel_dev/config logging.php
124.03.05 18:34 B C:\Users\gerar\OneDrive\Escritorio\siccoms\config\mail.php --> ftp.smartfireprevention.mx /public_html/laravel_dev/config mail.php
124.03.05 18:34 B C:\Users\gerar\OneDrive\Escritorio\siccoms\config\queue.php --> ftp.smartfireprevention.mx /public_html/laravel_dev/config queue.php
124.03.05 18:34 B C:\Users\gerar\OneDrive\Escritorio\siccoms\config\sanctum.php --> ftp.smartfireprevention.mx /public_html/laravel_dev/config sanctum.php
124.03.05 18:34 B C:\Users\gerar\OneDrive\Escritorio\siccoms\config\services.php --> ftp.smartfireprevention.mx /public_html/laravel_dev/config services.php
124.03.05 18:34 B C:\Users\gerar\OneDrive\Escritorio\siccoms\config\session.php --> ftp.smartfireprevention.mx /public_html/laravel_dev/config session.php
124.03.05 18:34 B C:\Users\gerar\OneDrive\Escritorio\siccoms\config\view.php --> ftp.smartfireprevention.mx /public_html/laravel_dev/config view.php
124.03.05 18:34 B C:\Users\gerar\OneDrive\Escritorio\siccoms\config\WS_FTP.LOG --> ftp.smartfireprevention.mx /public_html/laravel_dev/config WS_FTP.LOG
124.03.05 19:40 B C:\Users\gerar\OneDrive\Escritorio\siccoms\config\app.php --> ftp.smartfireprevention.mx /public_html/siccoms/config app.php
124.03.05 19:40 B C:\Users\gerar\OneDrive\Escritorio\siccoms\config\auth.php --> ftp.smartfireprevention.mx /public_html/siccoms/config auth.php
124.03.05 19:40 B C:\Users\gerar\OneDrive\Escritorio\siccoms\config\broadcasting.php --> ftp.smartfireprevention.mx /public_html/siccoms/config broadcasting.php
124.03.05 19:40 B C:\Users\gerar\OneDrive\Escritorio\siccoms\config\cache.php --> ftp.smartfireprevention.mx /public_html/siccoms/config cache.php
124.03.05 19:40 B C:\Users\gerar\OneDrive\Escritorio\siccoms\config\cors.php --> ftp.smartfireprevention.mx /public_html/siccoms/config cors.php
124.03.05 19:40 B C:\Users\gerar\OneDrive\Escritorio\siccoms\config\database.php --> ftp.smartfireprevention.mx /public_html/siccoms/config database.php
124.03.05 19:40 B C:\Users\gerar\OneDrive\Escritorio\siccoms\config\filesystems.php --> ftp.smartfireprevention.mx /public_html/siccoms/config filesystems.php
124.03.05 19:40 B C:\Users\gerar\OneDrive\Escritorio\siccoms\config\hashing.php --> ftp.smartfireprevention.mx /public_html/siccoms/config hashing.php
124.03.05 19:40 B C:\Users\gerar\OneDrive\Escritorio\siccoms\config\logging.php --> ftp.smartfireprevention.mx /public_html/siccoms/config logging.php
124.03.05 19:40 B C:\Users\gerar\OneDrive\Escritorio\siccoms\config\mail.php --> ftp.smartfireprevention.mx /public_html/siccoms/config mail.php
124.03.05 19:40 B C:\Users\gerar\OneDrive\Escritorio\siccoms\config\queue.php --> ftp.smartfireprevention.mx /public_html/siccoms/config queue.php
124.03.05 19:40 B C:\Users\gerar\OneDrive\Escritorio\siccoms\config\sanctum.php --> ftp.smartfireprevention.mx /public_html/siccoms/config sanctum.php
124.03.05 19:40 B C:\Users\gerar\OneDrive\Escritorio\siccoms\config\services.php --> ftp.smartfireprevention.mx /public_html/siccoms/config services.php
124.03.05 19:40 B C:\Users\gerar\OneDrive\Escritorio\siccoms\config\session.php --> ftp.smartfireprevention.mx /public_html/siccoms/config session.php
124.03.05 19:40 B C:\Users\gerar\OneDrive\Escritorio\siccoms\config\view.php --> ftp.smartfireprevention.mx /public_html/siccoms/config view.php
124.03.05 19:40 B C:\Users\gerar\OneDrive\Escritorio\siccoms\config\WS_FTP.LOG --> ftp.smartfireprevention.mx /public_html/siccoms/config WS_FTP.LOG
