124.03.04 19:35 B C:\Users\gerar\OneDrive\Escritorio\siccoms\public\img\imagen-siccoms.avif --> ftp.smartfireprevention.mx /public_html/siccoms/public/img imagen-siccoms.avif
124.03.04 19:35 B C:\Users\gerar\OneDrive\Escritorio\siccoms\public\img\lg-siccoms.png --> ftp.smartfireprevention.mx /public_html/siccoms/public/img lg-siccoms.png
124.03.04 19:35 B C:\Users\gerar\OneDrive\Escritorio\siccoms\public\img\servicio1.webp --> ftp.smartfireprevention.mx /public_html/siccoms/public/img servicio1.webp
124.03.04 19:35 B C:\Users\gerar\OneDrive\Escritorio\siccoms\public\img\servicio2.webp --> ftp.smartfireprevention.mx /public_html/siccoms/public/img servicio2.webp
124.03.04 19:35 B C:\Users\gerar\OneDrive\Escritorio\siccoms\public\img\servicio3.webp --> ftp.smartfireprevention.mx /public_html/siccoms/public/img servicio3.webp
124.03.04 19:35 B C:\Users\gerar\OneDrive\Escritorio\siccoms\public\img\servicio4.webp --> ftp.smartfireprevention.mx /public_html/siccoms/public/img servicio4.webp
124.03.04 19:35 B C:\Users\gerar\OneDrive\Escritorio\siccoms\public\img\testimonio1.avif --> ftp.smartfireprevention.mx /public_html/siccoms/public/img testimonio1.avif
124.03.04 19:35 B C:\Users\gerar\OneDrive\Escritorio\siccoms\public\img\testimonio2.jpg --> ftp.smartfireprevention.mx /public_html/siccoms/public/img testimonio2.jpg
124.03.04 19:35 B C:\Users\gerar\OneDrive\Escritorio\siccoms\public\img\testimonio3.jpg --> ftp.smartfireprevention.mx /public_html/siccoms/public/img testimonio3.jpg
124.03.04 19:35 B C:\Users\gerar\OneDrive\Escritorio\siccoms\public\img\work1.webp --> ftp.smartfireprevention.mx /public_html/siccoms/public/img work1.webp
124.03.04 19:35 B C:\Users\gerar\OneDrive\Escritorio\siccoms\public\img\work10.webp --> ftp.smartfireprevention.mx /public_html/siccoms/public/img work10.webp
124.03.04 19:35 B C:\Users\gerar\OneDrive\Escritorio\siccoms\public\img\work11.webp --> ftp.smartfireprevention.mx /public_html/siccoms/public/img work11.webp
124.03.04 19:35 B C:\Users\gerar\OneDrive\Escritorio\siccoms\public\img\work12.webp --> ftp.smartfireprevention.mx /public_html/siccoms/public/img work12.webp
124.03.04 19:35 B C:\Users\gerar\OneDrive\Escritorio\siccoms\public\img\work13.webp --> ftp.smartfireprevention.mx /public_html/siccoms/public/img work13.webp
124.03.04 19:35 B C:\Users\gerar\OneDrive\Escritorio\siccoms\public\img\work17.webp --> ftp.smartfireprevention.mx /public_html/siccoms/public/img work17.webp
124.03.04 19:35 B C:\Users\gerar\OneDrive\Escritorio\siccoms\public\img\work19.webp --> ftp.smartfireprevention.mx /public_html/siccoms/public/img work19.webp
124.03.04 19:35 B C:\Users\gerar\OneDrive\Escritorio\siccoms\public\img\work2.webp --> ftp.smartfireprevention.mx /public_html/siccoms/public/img work2.webp
124.03.04 19:35 B C:\Users\gerar\OneDrive\Escritorio\siccoms\public\img\work20.webp --> ftp.smartfireprevention.mx /public_html/siccoms/public/img work20.webp
124.03.04 19:36 B C:\Users\gerar\OneDrive\Escritorio\siccoms\public\img\work21.webp --> ftp.smartfireprevention.mx /public_html/siccoms/public/img work21.webp
124.03.04 19:36 B C:\Users\gerar\OneDrive\Escritorio\siccoms\public\img\work22.webp --> ftp.smartfireprevention.mx /public_html/siccoms/public/img work22.webp
124.03.04 19:36 B C:\Users\gerar\OneDrive\Escritorio\siccoms\public\img\work3.webp --> ftp.smartfireprevention.mx /public_html/siccoms/public/img work3.webp
124.03.04 19:36 B C:\Users\gerar\OneDrive\Escritorio\siccoms\public\img\work30.webp --> ftp.smartfireprevention.mx /public_html/siccoms/public/img work30.webp
124.03.04 19:36 B C:\Users\gerar\OneDrive\Escritorio\siccoms\public\img\work32.webp --> ftp.smartfireprevention.mx /public_html/siccoms/public/img work32.webp
124.03.04 19:36 B C:\Users\gerar\OneDrive\Escritorio\siccoms\public\img\work5.webp --> ftp.smartfireprevention.mx /public_html/siccoms/public/img work5.webp
124.03.04 19:36 B C:\Users\gerar\OneDrive\Escritorio\siccoms\public\img\work6.webp --> ftp.smartfireprevention.mx /public_html/siccoms/public/img work6.webp
124.03.04 19:36 B C:\Users\gerar\OneDrive\Escritorio\siccoms\public\img\work7.webp --> ftp.smartfireprevention.mx /public_html/siccoms/public/img work7.webp
124.03.04 19:36 B C:\Users\gerar\OneDrive\Escritorio\siccoms\public\img\work8.webp --> ftp.smartfireprevention.mx /public_html/siccoms/public/img work8.webp
124.03.04 19:36 B C:\Users\gerar\OneDrive\Escritorio\siccoms\public\img\work9.webp --> ftp.smartfireprevention.mx /public_html/siccoms/public/img work9.webp
