124.03.04 19:33 B C:\Users\gerar\OneDrive\Escritorio\siccoms\app\Http\Controllers\BlogController.php --> ftp.smartfireprevention.mx /public_html/siccoms/app/Http/Controllers BlogController.php
124.03.04 19:33 B C:\Users\gerar\OneDrive\Escritorio\siccoms\app\Http\Controllers\ContactoController.php --> ftp.smartfireprevention.mx /public_html/siccoms/app/Http/Controllers ContactoController.php
124.03.04 19:33 B C:\Users\gerar\OneDrive\Escritorio\siccoms\app\Http\Controllers\Controller.php --> ftp.smartfireprevention.mx /public_html/siccoms/app/Http/Controllers Controller.php
124.03.04 19:33 B C:\Users\gerar\OneDrive\Escritorio\siccoms\app\Http\Controllers\DashboardController.php --> ftp.smartfireprevention.mx /public_html/siccoms/app/Http/Controllers DashboardController.php
124.03.04 19:33 B C:\Users\gerar\OneDrive\Escritorio\siccoms\app\Http\Controllers\HomeController.php --> ftp.smartfireprevention.mx /public_html/siccoms/app/Http/Controllers HomeController.php
124.03.04 19:33 B C:\Users\gerar\OneDrive\Escritorio\siccoms\app\Http\Controllers\LoginController.php --> ftp.smartfireprevention.mx /public_html/siccoms/app/Http/Controllers LoginController.php
124.03.04 19:33 B C:\Users\gerar\OneDrive\Escritorio\siccoms\app\Http\Controllers\LogoutController.php --> ftp.smartfireprevention.mx /public_html/siccoms/app/Http/Controllers LogoutController.php
124.03.04 19:33 B C:\Users\gerar\OneDrive\Escritorio\siccoms\app\Http\Controllers\NosotrosController.php --> ftp.smartfireprevention.mx /public_html/siccoms/app/Http/Controllers NosotrosController.php
124.03.04 19:34 B C:\Users\gerar\OneDrive\Escritorio\siccoms\app\Http\Controllers\RegisterController.php --> ftp.smartfireprevention.mx /public_html/siccoms/app/Http/Controllers RegisterController.php
124.03.04 19:34 B C:\Users\gerar\OneDrive\Escritorio\siccoms\app\Http\Controllers\ServiciosController.php --> ftp.smartfireprevention.mx /public_html/siccoms/app/Http/Controllers ServiciosController.php
124.03.05 18:33 B C:\Users\gerar\OneDrive\Escritorio\siccoms\app\Http\Controllers\BlogController.php --> ftp.smartfireprevention.mx /public_html/laravel_dev/app/Http/Controllers BlogController.php
124.03.05 18:33 B C:\Users\gerar\OneDrive\Escritorio\siccoms\app\Http\Controllers\ContactoController.php --> ftp.smartfireprevention.mx /public_html/laravel_dev/app/Http/Controllers ContactoController.php
124.03.05 18:33 B C:\Users\gerar\OneDrive\Escritorio\siccoms\app\Http\Controllers\Controller.php --> ftp.smartfireprevention.mx /public_html/laravel_dev/app/Http/Controllers Controller.php
124.03.05 18:33 B C:\Users\gerar\OneDrive\Escritorio\siccoms\app\Http\Controllers\DashboardController.php --> ftp.smartfireprevention.mx /public_html/laravel_dev/app/Http/Controllers DashboardController.php
124.03.05 18:33 B C:\Users\gerar\OneDrive\Escritorio\siccoms\app\Http\Controllers\HomeController.php --> ftp.smartfireprevention.mx /public_html/laravel_dev/app/Http/Controllers HomeController.php
124.03.05 18:33 B C:\Users\gerar\OneDrive\Escritorio\siccoms\app\Http\Controllers\LoginController.php --> ftp.smartfireprevention.mx /public_html/laravel_dev/app/Http/Controllers LoginController.php
124.03.05 18:33 B C:\Users\gerar\OneDrive\Escritorio\siccoms\app\Http\Controllers\LogoutController.php --> ftp.smartfireprevention.mx /public_html/laravel_dev/app/Http/Controllers LogoutController.php
124.03.05 18:33 B C:\Users\gerar\OneDrive\Escritorio\siccoms\app\Http\Controllers\NosotrosController.php --> ftp.smartfireprevention.mx /public_html/laravel_dev/app/Http/Controllers NosotrosController.php
124.03.05 18:33 B C:\Users\gerar\OneDrive\Escritorio\siccoms\app\Http\Controllers\RegisterController.php --> ftp.smartfireprevention.mx /public_html/laravel_dev/app/Http/Controllers RegisterController.php
124.03.05 18:33 B C:\Users\gerar\OneDrive\Escritorio\siccoms\app\Http\Controllers\ServiciosController.php --> ftp.smartfireprevention.mx /public_html/laravel_dev/app/Http/Controllers ServiciosController.php
124.03.05 18:33 B C:\Users\gerar\OneDrive\Escritorio\siccoms\app\Http\Controllers\WS_FTP.LOG --> ftp.smartfireprevention.mx /public_html/laravel_dev/app/Http/Controllers WS_FTP.LOG
124.03.05 19:39 B C:\Users\gerar\OneDrive\Escritorio\siccoms\app\Http\Controllers\BlogController.php --> ftp.smartfireprevention.mx /public_html/siccoms/app/Http/Controllers BlogController.php
124.03.05 19:39 B C:\Users\gerar\OneDrive\Escritorio\siccoms\app\Http\Controllers\ContactoController.php --> ftp.smartfireprevention.mx /public_html/siccoms/app/Http/Controllers ContactoController.php
124.03.05 19:39 B C:\Users\gerar\OneDrive\Escritorio\siccoms\app\Http\Controllers\Controller.php --> ftp.smartfireprevention.mx /public_html/siccoms/app/Http/Controllers Controller.php
124.03.05 19:39 B C:\Users\gerar\OneDrive\Escritorio\siccoms\app\Http\Controllers\DashboardController.php --> ftp.smartfireprevention.mx /public_html/siccoms/app/Http/Controllers DashboardController.php
124.03.05 19:39 B C:\Users\gerar\OneDrive\Escritorio\siccoms\app\Http\Controllers\HomeController.php --> ftp.smartfireprevention.mx /public_html/siccoms/app/Http/Controllers HomeController.php
124.03.05 19:39 B C:\Users\gerar\OneDrive\Escritorio\siccoms\app\Http\Controllers\LoginController.php --> ftp.smartfireprevention.mx /public_html/siccoms/app/Http/Controllers LoginController.php
124.03.05 19:39 B C:\Users\gerar\OneDrive\Escritorio\siccoms\app\Http\Controllers\LogoutController.php --> ftp.smartfireprevention.mx /public_html/siccoms/app/Http/Controllers LogoutController.php
124.03.05 19:39 B C:\Users\gerar\OneDrive\Escritorio\siccoms\app\Http\Controllers\NosotrosController.php --> ftp.smartfireprevention.mx /public_html/siccoms/app/Http/Controllers NosotrosController.php
124.03.05 19:39 B C:\Users\gerar\OneDrive\Escritorio\siccoms\app\Http\Controllers\RegisterController.php --> ftp.smartfireprevention.mx /public_html/siccoms/app/Http/Controllers RegisterController.php
124.03.05 19:39 B C:\Users\gerar\OneDrive\Escritorio\siccoms\app\Http\Controllers\ServiciosController.php --> ftp.smartfireprevention.mx /public_html/siccoms/app/Http/Controllers ServiciosController.php
124.03.05 19:39 B C:\Users\gerar\OneDrive\Escritorio\siccoms\app\Http\Controllers\WS_FTP.LOG --> ftp.smartfireprevention.mx /public_html/siccoms/app/Http/Controllers WS_FTP.LOG
